<?xml version="1.0" encoding="UTF-8"?>
<!-- Generated by org.testng.reporters.JUnitReportReporter -->
<testsuite skipped="0" hostname="CPX-Q16M6Z5LFAI" name="com.accenture.Calculadora_excel.App" tests="1" failures="0" timestamp="13 jul 2018 17:04:04 GMT" time="60.168" errors="0">
  <testcase name="mytest" time="60.168" classname="com.accenture.Calculadora_excel.App"/>
</testsuite> <!-- com.accenture.Calculadora_excel.App -->
